<?xml version="1.0" encoding="UTF-8"?>
<!-- Generated by org.testng.reporters.JUnitReportReporter -->
<testsuite hostname="DESKTOP-TL0SH1A" failures="0" tests="1" name="com.inetbanking.testCases.TC_LoginTest" time="3.430" errors="0" timestamp="2022-12-01T12:48:22 IST" skipped="0">
  <testcase classname="com.inetbanking.testCases.TC_LoginTest" name="LoginTest" time="3.430"/>
  <system-out/>
</testsuite> <!-- com.inetbanking.testCases.TC_LoginTest -->
